

Microchip MPLAB XC8 Assembler V2.40 build 20220703182018 
                                                                                               Tue Apr 11 10:11:37 2023

Microchip MPLAB XC8 C Compiler v2.40 (Free license) build 20220703182018 Og1 
     1                           	processor	16F887
     2                           	pagewidth 120
     3                           	opt	flic
     4                           	psect	cinit,global,class=CODE,merge=1,delta=2
     5                           	psect	bssCOMMON,global,class=COMMON,space=1,delta=1,noexec
     6                           	psect	cstackCOMMON,global,class=COMMON,space=1,delta=1,noexec
     7                           	psect	maintext,global,class=CODE,split=1,delta=2
     8                           	psect	text1,local,class=CODE,merge=1,delta=2
     9                           	psect	text2,local,class=CODE,merge=1,delta=2
    10                           	psect	text3,local,class=CODE,merge=1,delta=2
    11                           	psect	text4,local,class=CODE,merge=1,delta=2
    12                           	psect	intentry,global,class=CODE,delta=2
    13                           	psect	text5,local,class=CODE,merge=1,delta=2
    14                           	psect	idloc,global,abs,ovrld,class=IDLOC,space=5,delta=2,noexec
    15                           	psect	config,global,abs,ovrld,class=CONFIG,space=4,delta=2,noexec
    16                           	dabs	1,0x7E,2
    17     0000                     
    18                           ; Version 2.40
    19                           ; Generated 17/11/2021 GMT
    20                           ; 
    21                           ; Copyright © 2021, Microchip Technology Inc. and its subsidiaries ("Microchip")
    22                           ; All rights reserved.
    23                           ; 
    24                           ; This software is developed by Microchip Technology Inc. and its subsidiaries ("Microch
      +                          ip").
    25                           ; 
    26                           ; Redistribution and use in source and binary forms, with or without modification, are
    27                           ; permitted provided that the following conditions are met:
    28                           ; 
    29                           ;     1. Redistributions of source code must retain the above copyright notice, this lis
      +                          t of
    30                           ;        conditions and the following disclaimer.
    31                           ; 
    32                           ;     2. Redistributions in binary form must reproduce the above copyright notice, this 
      +                          list
    33                           ;        of conditions and the following disclaimer in the documentation and/or other
    34                           ;        materials provided with the distribution. Publication is not required when
    35                           ;        this file is used in an embedded application.
    36                           ; 
    37                           ;     3. Microchip's name may not be used to endorse or promote products derived from th
      +                          is
    38                           ;        software without specific prior written permission.
    39                           ; 
    40                           ; THIS SOFTWARE IS PROVIDED BY MICROCHIP "AS IS" AND ANY EXPRESS OR IMPLIED WARRANTIES,
    41                           ; INCLUDING, BUT NOT LIMITED TO, THE IMPLIED WARRANTIES OF MERCHANTABILITY AND FITNESS F
      +                          OR
    42                           ; PURPOSE ARE DISCLAIMED.  IN NO EVENT SHALL MICROCHIP BE LIABLE FOR ANY DIRECT, INDIREC
      +                          T,
    43                           ; INCIDENTAL, SPECIAL, EXEMPLARY, OR CONSEQUENTIAL DAMAGES (INCLUDING BUT NOT LIMITED TO
    44                           ; PROCUREMENT OF SUBSTITUTE GOODS OR SERVICES; LOSS OF USE, DATA OR PROFITS; OR BUSINESS
    45                           ; INTERRUPTION) HOWSOEVER CAUSED AND ON ANY THEORY OF LIABILITY, WHETHER IN CONTRACT, ST
      +                          RICT
    46                           ; LIABILITY, OR TORT (INCLUDING NEGLIGENCE OR OTHERWISE) ARISING IN ANY WAY OUT OF THE U
      +                          SE OF
    47                           ; THIS SOFTWARE, EVEN IF ADVISED OF THE POSSIBILITY OF SUCH DAMAGE.
    48                           ; 
    49                           ; 
    50                           ; Code-generator required, PIC16F887 Definitions
    51                           ; 
    52                           ; SFR Addresses
    53     0000                     	;# 
    54     0001                     	;# 
    55     0002                     	;# 
    56     0003                     	;# 
    57     0004                     	;# 
    58     0005                     	;# 
    59     0006                     	;# 
    60     0007                     	;# 
    61     0008                     	;# 
    62     0009                     	;# 
    63     000A                     	;# 
    64     000B                     	;# 
    65     000C                     	;# 
    66     000D                     	;# 
    67     000E                     	;# 
    68     000E                     	;# 
    69     000F                     	;# 
    70     0010                     	;# 
    71     0011                     	;# 
    72     0012                     	;# 
    73     0013                     	;# 
    74     0014                     	;# 
    75     0015                     	;# 
    76     0015                     	;# 
    77     0016                     	;# 
    78     0017                     	;# 
    79     0018                     	;# 
    80     0019                     	;# 
    81     001A                     	;# 
    82     001B                     	;# 
    83     001B                     	;# 
    84     001C                     	;# 
    85     001D                     	;# 
    86     001E                     	;# 
    87     001F                     	;# 
    88     0081                     	;# 
    89     0085                     	;# 
    90     0086                     	;# 
    91     0087                     	;# 
    92     0088                     	;# 
    93     0089                     	;# 
    94     008C                     	;# 
    95     008D                     	;# 
    96     008E                     	;# 
    97     008F                     	;# 
    98     0090                     	;# 
    99     0091                     	;# 
   100     0092                     	;# 
   101     0093                     	;# 
   102     0093                     	;# 
   103     0093                     	;# 
   104     0094                     	;# 
   105     0095                     	;# 
   106     0096                     	;# 
   107     0097                     	;# 
   108     0098                     	;# 
   109     0099                     	;# 
   110     009A                     	;# 
   111     009B                     	;# 
   112     009C                     	;# 
   113     009D                     	;# 
   114     009E                     	;# 
   115     009F                     	;# 
   116     0105                     	;# 
   117     0107                     	;# 
   118     0108                     	;# 
   119     0109                     	;# 
   120     010C                     	;# 
   121     010C                     	;# 
   122     010D                     	;# 
   123     010E                     	;# 
   124     010F                     	;# 
   125     0185                     	;# 
   126     0187                     	;# 
   127     0188                     	;# 
   128     0189                     	;# 
   129     018C                     	;# 
   130     018D                     	;# 
   131     0000                     	;# 
   132     0001                     	;# 
   133     0002                     	;# 
   134     0003                     	;# 
   135     0004                     	;# 
   136     0005                     	;# 
   137     0006                     	;# 
   138     0007                     	;# 
   139     0008                     	;# 
   140     0009                     	;# 
   141     000A                     	;# 
   142     000B                     	;# 
   143     000C                     	;# 
   144     000D                     	;# 
   145     000E                     	;# 
   146     000E                     	;# 
   147     000F                     	;# 
   148     0010                     	;# 
   149     0011                     	;# 
   150     0012                     	;# 
   151     0013                     	;# 
   152     0014                     	;# 
   153     0015                     	;# 
   154     0015                     	;# 
   155     0016                     	;# 
   156     0017                     	;# 
   157     0018                     	;# 
   158     0019                     	;# 
   159     001A                     	;# 
   160     001B                     	;# 
   161     001B                     	;# 
   162     001C                     	;# 
   163     001D                     	;# 
   164     001E                     	;# 
   165     001F                     	;# 
   166     0081                     	;# 
   167     0085                     	;# 
   168     0086                     	;# 
   169     0087                     	;# 
   170     0088                     	;# 
   171     0089                     	;# 
   172     008C                     	;# 
   173     008D                     	;# 
   174     008E                     	;# 
   175     008F                     	;# 
   176     0090                     	;# 
   177     0091                     	;# 
   178     0092                     	;# 
   179     0093                     	;# 
   180     0093                     	;# 
   181     0093                     	;# 
   182     0094                     	;# 
   183     0095                     	;# 
   184     0096                     	;# 
   185     0097                     	;# 
   186     0098                     	;# 
   187     0099                     	;# 
   188     009A                     	;# 
   189     009B                     	;# 
   190     009C                     	;# 
   191     009D                     	;# 
   192     009E                     	;# 
   193     009F                     	;# 
   194     0105                     	;# 
   195     0107                     	;# 
   196     0108                     	;# 
   197     0109                     	;# 
   198     010C                     	;# 
   199     010C                     	;# 
   200     010D                     	;# 
   201     010E                     	;# 
   202     010F                     	;# 
   203     0185                     	;# 
   204     0187                     	;# 
   205     0188                     	;# 
   206     0189                     	;# 
   207     018C                     	;# 
   208     018D                     	;# 
   209     0001                     _TMR0	set	1
   210     0015                     _CCPR1L	set	21
   211     0017                     _CCP1CONbits	set	23
   212     0009                     _PORTE	set	9
   213     0007                     _PORTC	set	7
   214     0008                     _PORTD	set	8
   215     0012                     _T2CONbits	set	18
   216     001E                     _ADRESH	set	30
   217     001F                     _ADCON0bits	set	31
   218     005D                     _T0IE	set	93
   219     005F                     _GIE	set	95
   220     0061                     _TMR2IF	set	97
   221     0066                     _ADIF	set	102
   222     005A                     _T0IF	set	90
   223     009F                     _ADCON1bits	set	159
   224     0092                     _PR2	set	146
   225     0089                     _TRISE	set	137
   226     0088                     _TRISD	set	136
   227     0085                     _TRISAbits	set	133
   228     0087                     _TRISCbits	set	135
   229     0466                     _ADIE	set	1126
   230     0408                     _PS0	set	1032
   231     0409                     _PS1	set	1033
   232     040A                     _PS2	set	1034
   233     040B                     _PSA	set	1035
   234     040D                     _T0CS	set	1037
   235     0478                     _SCS	set	1144
   236     047C                     _IRCF0	set	1148
   237     047D                     _IRCF1	set	1149
   238     047E                     _IRCF2	set	1150
   239     0188                     _ANSELbits	set	392
   240                           
   241                           	psect	cinit
   242     000F                     start_initialization:	
   243                           ; #config settings
   244                           
   245     000F                     __initialization:
   246                           
   247                           ; Clear objects allocated to COMMON
   248     000F  01F0               	clrf	__pbssCOMMON& (0+127)
   249     0010  01F1               	clrf	(__pbssCOMMON+1)& (0+127)
   250     0011  01F2               	clrf	(__pbssCOMMON+2)& (0+127)
   251     0012                     end_of_initialization:	
   252                           ;End of C runtime variable initialization code
   253                           
   254     0012                     __end_of__initialization:
   255     0012  0183               	clrf	3
   256     0013  120A  118A  289F   	ljmp	_main	;jump to C main() function
   257                           
   258                           	psect	bssCOMMON
   259     0070                     __pbssCOMMON:
   260     0070                     _pot1_in:
   261     0070                     	ds	1
   262     0071                     _pot0_in:
   263     0071                     	ds	1
   264     0072                     _counter:
   265     0072                     	ds	1
   266                           
   267                           	psect	cstackCOMMON
   268     0073                     __pcstackCOMMON:
   269     0073                     ?_TMR0_reset:
   270     0073                     ?_setup:	
   271                           ; 1 bytes @ 0x0
   272                           
   273     0073                     ?_TMR2_reset:	
   274                           ; 1 bytes @ 0x0
   275                           
   276     0073                     ?_isr:	
   277                           ; 1 bytes @ 0x0
   278                           
   279     0073                     ??_isr:	
   280                           ; 1 bytes @ 0x0
   281                           
   282     0073                     ?i1_TMR0_reset:	
   283                           ; 1 bytes @ 0x0
   284                           
   285     0073                     ??i1_TMR0_reset:	
   286                           ; 1 bytes @ 0x0
   287                           
   288     0073                     ?_main:	
   289                           ; 1 bytes @ 0x0
   290                           
   291                           
   292                           ; 2 bytes @ 0x0
   293     0073                     	ds	2
   294     0075                     ??_TMR0_reset:
   295     0075                     ??_setup:	
   296                           ; 1 bytes @ 0x2
   297                           
   298     0075                     ??_TMR2_reset:	
   299                           ; 1 bytes @ 0x2
   300                           
   301     0075                     ??_main:	
   302                           ; 1 bytes @ 0x2
   303                           
   304                           
   305                           	psect	maintext
   306     009F                     __pmaintext:	
   307                           ; 1 bytes @ 0x2
   308 ;;
   309 ;;Main: autosize = 0, tempsize = 0, incstack = 0, save=0
   310 ;;
   311 ;; *************** function _main *****************
   312 ;; Defined at:
   313 ;;		line 85 in file "Lab7.c"
   314 ;; Parameters:    Size  Location     Type
   315 ;;		None
   316 ;; Auto vars:     Size  Location     Type
   317 ;;		None
   318 ;; Return value:  Size  Location     Type
   319 ;;                  2   95[None  ] int 
   320 ;; Registers used:
   321 ;;		wreg, status,2, status,0, pclath, cstack
   322 ;; Tracked objects:
   323 ;;		On entry : B00/0
   324 ;;		On exit  : 0/0
   325 ;;		Unchanged: 0/0
   326 ;; Data sizes:     COMMON   BANK0   BANK1   BANK3   BANK2
   327 ;;      Params:         0       0       0       0       0
   328 ;;      Locals:         0       0       0       0       0
   329 ;;      Temps:          0       0       0       0       0
   330 ;;      Totals:         0       0       0       0       0
   331 ;;Total ram usage:        0 bytes
   332 ;; Hardware stack levels required when called: 4
   333 ;; This function calls:
   334 ;;		_TMR2_reset
   335 ;;		_setup
   336 ;; This function is called by:
   337 ;;		Startup code after reset
   338 ;; This function uses a non-reentrant model
   339 ;;
   340                           
   341     009F                     _main:	
   342                           ;psect for function _main
   343                           
   344     009F                     l828:	
   345                           ;incstack = 0
   346                           ; Regs used in _main: [wreg+status,2+status,0+pclath+cstack]
   347                           
   348                           
   349                           ;Lab7.c: 86:     setup();
   350     009F  120A  118A  2016  120A  118A  	fcall	_setup
   351     00A4                     l830:
   352                           
   353                           ;Lab7.c: 89:         if(TMR2IF){
   354     00A4  1283               	bcf	3,5	;RP0=0, select bank0
   355     00A5  1303               	bcf	3,6	;RP1=0, select bank0
   356     00A6  1C8C               	btfss	12,1	;volatile
   357     00A7  28A9               	goto	u71
   358     00A8  28AA               	goto	u70
   359     00A9                     u71:
   360     00A9  28B3               	goto	l97
   361     00AA                     u70:
   362     00AA                     l832:
   363                           
   364                           ;Lab7.c: 90:             TRISCbits.TRISC2 = 0;
   365     00AA  1683               	bsf	3,5	;RP0=1, select bank1
   366     00AB  1303               	bcf	3,6	;RP1=0, select bank1
   367     00AC  1107               	bcf	7,2	;volatile
   368     00AD                     l834:
   369                           
   370                           ;Lab7.c: 91:             TMR2_reset();
   371     00AD  120A  118A  20CD  120A  118A  	fcall	_TMR2_reset
   372                           
   373                           ;Lab7.c: 92:         }
   374     00B2  28B9               	goto	l836
   375     00B3                     l97:	
   376                           ;Lab7.c: 93:         else{
   377                           
   378                           
   379                           ;Lab7.c: 94:             TRISCbits.TRISC2 = 1;
   380     00B3  1683               	bsf	3,5	;RP0=1, select bank1
   381     00B4  1303               	bcf	3,6	;RP1=0, select bank1
   382     00B5  1507               	bsf	7,2	;volatile
   383                           
   384                           ;Lab7.c: 95:             T2CONbits.TMR2ON = 1;
   385     00B6  1283               	bcf	3,5	;RP0=0, select bank0
   386     00B7  1303               	bcf	3,6	;RP1=0, select bank0
   387     00B8  1512               	bsf	18,2	;volatile
   388     00B9                     l836:
   389                           
   390                           ;Lab7.c: 97:         PORTD = pot0_in;
   391     00B9  0871               	movf	_pot0_in,w
   392     00BA  1283               	bcf	3,5	;RP0=0, select bank0
   393     00BB  1303               	bcf	3,6	;RP1=0, select bank0
   394     00BC  0088               	movwf	8	;volatile
   395     00BD  28A4               	goto	l830
   396     00BE  120A  118A  280C   	ljmp	start
   397     00C1                     __end_of_main:
   398                           
   399                           	psect	text1
   400     0016                     __ptext1:	
   401 ;; *************** function _setup *****************
   402 ;; Defined at:
   403 ;;		line 101 in file "Lab7.c"
   404 ;; Parameters:    Size  Location     Type
   405 ;;		None
   406 ;; Auto vars:     Size  Location     Type
   407 ;;		None
   408 ;; Return value:  Size  Location     Type
   409 ;;                  1    wreg      void 
   410 ;; Registers used:
   411 ;;		wreg, status,2, status,0, pclath, cstack
   412 ;; Tracked objects:
   413 ;;		On entry : 0/0
   414 ;;		On exit  : 0/0
   415 ;;		Unchanged: 0/0
   416 ;; Data sizes:     COMMON   BANK0   BANK1   BANK3   BANK2
   417 ;;      Params:         0       0       0       0       0
   418 ;;      Locals:         0       0       0       0       0
   419 ;;      Temps:          0       0       0       0       0
   420 ;;      Totals:         0       0       0       0       0
   421 ;;Total ram usage:        0 bytes
   422 ;; Hardware stack levels used: 1
   423 ;; Hardware stack levels required when called: 3
   424 ;; This function calls:
   425 ;;		_TMR0_reset
   426 ;;		_TMR2_reset
   427 ;; This function is called by:
   428 ;;		_main
   429 ;; This function uses a non-reentrant model
   430 ;;
   431                           
   432     0016                     _setup:	
   433                           ;psect for function _setup
   434                           
   435     0016                     l710:	
   436                           ;incstack = 0
   437                           ; Regs used in _setup: [wreg+status,2+status,0+pclath+cstack]
   438                           
   439                           
   440                           ;Lab7.c: 103:     TRISAbits.TRISA0 = 0;
   441     0016  1683               	bsf	3,5	;RP0=1, select bank1
   442     0017  1303               	bcf	3,6	;RP1=0, select bank1
   443     0018  1005               	bcf	5,0	;volatile
   444                           
   445                           ;Lab7.c: 105:     ANSELbits.ANS1 = 1;
   446     0019  1683               	bsf	3,5	;RP0=1, select bank3
   447     001A  1703               	bsf	3,6	;RP1=1, select bank3
   448     001B  1488               	bsf	8,1	;volatile
   449                           
   450                           ;Lab7.c: 106:     TRISAbits.TRISA1 = 1;
   451     001C  1683               	bsf	3,5	;RP0=1, select bank1
   452     001D  1303               	bcf	3,6	;RP1=0, select bank1
   453     001E  1485               	bsf	5,1	;volatile
   454                           
   455                           ;Lab7.c: 107:     ANSELbits.ANS2 = 1;
   456     001F  1683               	bsf	3,5	;RP0=1, select bank3
   457     0020  1703               	bsf	3,6	;RP1=1, select bank3
   458     0021  1508               	bsf	8,2	;volatile
   459                           
   460                           ;Lab7.c: 108:     TRISAbits.TRISA2 = 1;
   461     0022  1683               	bsf	3,5	;RP0=1, select bank1
   462     0023  1303               	bcf	3,6	;RP1=0, select bank1
   463     0024  1505               	bsf	5,2	;volatile
   464                           
   465                           ;Lab7.c: 109:     TRISCbits.TRISC2 = 0;
   466     0025  1107               	bcf	7,2	;volatile
   467     0026                     l712:
   468                           
   469                           ;Lab7.c: 112:     TRISD = 0;
   470     0026  0188               	clrf	8	;volatile
   471                           
   472                           ;Lab7.c: 113:     TRISE = 0;
   473     0027  0189               	clrf	9	;volatile
   474                           
   475                           ;Lab7.c: 114:     PORTC = 0;
   476     0028  1283               	bcf	3,5	;RP0=0, select bank0
   477     0029  1303               	bcf	3,6	;RP1=0, select bank0
   478     002A  0187               	clrf	7	;volatile
   479                           
   480                           ;Lab7.c: 115:     PORTD = 0;
   481     002B  0188               	clrf	8	;volatile
   482                           
   483                           ;Lab7.c: 116:     PORTE = 0;
   484     002C  0189               	clrf	9	;volatile
   485     002D                     l714:
   486                           
   487                           ;Lab7.c: 119:     IRCF2 = 1;
   488     002D  1683               	bsf	3,5	;RP0=1, select bank1
   489     002E  1303               	bcf	3,6	;RP1=0, select bank1
   490     002F  170F               	bsf	15,6	;volatile
   491     0030                     l716:
   492                           
   493                           ;Lab7.c: 120:     IRCF1 = 0;
   494     0030  128F               	bcf	15,5	;volatile
   495     0031                     l718:
   496                           
   497                           ;Lab7.c: 121:     IRCF0 = 0;
   498     0031  120F               	bcf	15,4	;volatile
   499     0032                     l720:
   500                           
   501                           ;Lab7.c: 122:     SCS = 1;
   502     0032  140F               	bsf	15,0	;volatile
   503     0033                     l722:
   504                           
   505                           ;Lab7.c: 125:     T0CS = 0;
   506     0033  1281               	bcf	1,5	;volatile
   507     0034                     l724:
   508                           
   509                           ;Lab7.c: 126:     PSA = 0;
   510     0034  1181               	bcf	1,3	;volatile
   511     0035                     l726:
   512                           
   513                           ;Lab7.c: 127:     PS2 = 0;
   514     0035  1101               	bcf	1,2	;volatile
   515     0036                     l728:
   516                           
   517                           ;Lab7.c: 128:     PS1 = 0;
   518     0036  1081               	bcf	1,1	;volatile
   519     0037                     l730:
   520                           
   521                           ;Lab7.c: 129:     PS0 = 0;
   522     0037  1001               	bcf	1,0	;volatile
   523     0038                     l732:
   524                           
   525                           ;Lab7.c: 130:     TMR0_reset();
   526     0038  120A  118A  20C1  120A  118A  	fcall	_TMR0_reset
   527     003D                     l734:
   528                           
   529                           ;Lab7.c: 133:     T2CONbits.T2CKPS0 = 0;
   530     003D  1283               	bcf	3,5	;RP0=0, select bank0
   531     003E  1303               	bcf	3,6	;RP1=0, select bank0
   532     003F  1012               	bcf	18,0	;volatile
   533     0040                     l736:
   534                           
   535                           ;Lab7.c: 134:     T2CONbits.T2CKPS1 = 1;
   536     0040  1492               	bsf	18,1	;volatile
   537     0041                     l738:
   538                           
   539                           ;Lab7.c: 135:     T2CONbits.TOUTPS0 = 1;
   540     0041  1592               	bsf	18,3	;volatile
   541     0042                     l740:
   542                           
   543                           ;Lab7.c: 136:     T2CONbits.TOUTPS1 = 0;
   544     0042  1212               	bcf	18,4	;volatile
   545     0043                     l742:
   546                           
   547                           ;Lab7.c: 137:     T2CONbits.TOUTPS2 = 0;
   548     0043  1292               	bcf	18,5	;volatile
   549     0044                     l744:
   550                           
   551                           ;Lab7.c: 138:     T2CONbits.TOUTPS3 = 1;
   552     0044  1712               	bsf	18,6	;volatile
   553     0045                     l746:
   554                           
   555                           ;Lab7.c: 139:     T2CONbits.TMR2ON = 0;
   556     0045  1112               	bcf	18,2	;volatile
   557     0046                     l748:
   558                           
   559                           ;Lab7.c: 141:     PR2 = 124;
   560     0046  307C               	movlw	124
   561     0047  1683               	bsf	3,5	;RP0=1, select bank1
   562     0048  1303               	bcf	3,6	;RP1=0, select bank1
   563     0049  0092               	movwf	18	;volatile
   564     004A                     l750:
   565                           
   566                           ;Lab7.c: 142:     TMR2_reset();
   567     004A  120A  118A  20CD  120A  118A  	fcall	_TMR2_reset
   568     004F                     l752:
   569                           
   570                           ;Lab7.c: 145:     GIE = 1;
   571     004F  178B               	bsf	11,7	;volatile
   572     0050                     l754:
   573                           
   574                           ;Lab7.c: 146:     T0IE = 1;
   575     0050  168B               	bsf	11,5	;volatile
   576     0051                     l756:
   577                           
   578                           ;Lab7.c: 147:     ADIE = 1;
   579     0051  1683               	bsf	3,5	;RP0=1, select bank1
   580     0052  1303               	bcf	3,6	;RP1=0, select bank1
   581     0053  170C               	bsf	12,6	;volatile
   582     0054                     l758:
   583                           
   584                           ;Lab7.c: 150:     ADCON1bits.ADFM = 0;
   585     0054  139F               	bcf	31,7	;volatile
   586     0055                     l760:
   587                           
   588                           ;Lab7.c: 151:     ADCON1bits.VCFG0 = 0;
   589     0055  121F               	bcf	31,4	;volatile
   590     0056                     l762:
   591                           
   592                           ;Lab7.c: 152:     ADCON1bits.VCFG1 = 0;
   593     0056  129F               	bcf	31,5	;volatile
   594     0057                     l764:
   595                           
   596                           ;Lab7.c: 154:     ADCON0bits.ADCS1 = 0;
   597     0057  1283               	bcf	3,5	;RP0=0, select bank0
   598     0058  1303               	bcf	3,6	;RP1=0, select bank0
   599     0059  139F               	bcf	31,7	;volatile
   600     005A                     l766:
   601                           
   602                           ;Lab7.c: 155:     ADCON0bits.ADCS0 = 0;
   603     005A  131F               	bcf	31,6	;volatile
   604     005B                     l768:
   605                           
   606                           ;Lab7.c: 156:     ADCON0bits.CHS3 = 0;
   607     005B  129F               	bcf	31,5	;volatile
   608     005C                     l770:
   609                           
   610                           ;Lab7.c: 157:     ADCON0bits.CHS2 = 0;
   611     005C  121F               	bcf	31,4	;volatile
   612     005D                     l772:
   613                           
   614                           ;Lab7.c: 158:     ADCON0bits.CHS1 = 0;
   615     005D  119F               	bcf	31,3	;volatile
   616     005E                     l774:
   617                           
   618                           ;Lab7.c: 159:     ADCON0bits.CHS0 = 1;
   619     005E  151F               	bsf	31,2	;volatile
   620     005F                     l776:
   621                           
   622                           ;Lab7.c: 160:     ADCON0bits.ADON = 1;
   623     005F  141F               	bsf	31,0	;volatile
   624     0060                     l778:
   625                           
   626                           ;Lab7.c: 163:     CCP1CONbits.CCP1M0 = 0;
   627     0060  1017               	bcf	23,0	;volatile
   628     0061                     l780:
   629                           
   630                           ;Lab7.c: 164:     CCP1CONbits.CCP1M1 = 0;
   631     0061  1097               	bcf	23,1	;volatile
   632     0062                     l782:
   633                           
   634                           ;Lab7.c: 165:     CCP1CONbits.CCP1M2 = 1;
   635     0062  1517               	bsf	23,2	;volatile
   636     0063                     l784:
   637                           
   638                           ;Lab7.c: 166:     CCP1CONbits.CCP1M3 = 1;
   639     0063  1597               	bsf	23,3	;volatile
   640     0064                     l786:
   641                           
   642                           ;Lab7.c: 168:     CCP1CONbits.P1M0 = 0;
   643     0064  1317               	bcf	23,6	;volatile
   644     0065                     l788:
   645                           
   646                           ;Lab7.c: 169:     CCP1CONbits.P1M1 = 0;
   647     0065  1397               	bcf	23,7	;volatile
   648     0066                     l790:
   649                           
   650                           ;Lab7.c: 171:     CCPR1L = 0b01111101;
   651     0066  307D               	movlw	125
   652     0067  0095               	movwf	21	;volatile
   653     0068                     l792:
   654                           
   655                           ;Lab7.c: 172:     CCP1CONbits.DC1B0 = 0;
   656     0068  1217               	bcf	23,4	;volatile
   657     0069                     l794:
   658                           
   659                           ;Lab7.c: 173:     CCP1CONbits.DC1B1 = 0;
   660     0069  1297               	bcf	23,5	;volatile
   661     006A                     l104:
   662     006A  0008               	return
   663     006B                     __end_of_setup:
   664                           
   665                           	psect	text2
   666     00CD                     __ptext2:	
   667 ;; *************** function _TMR2_reset *****************
   668 ;; Defined at:
   669 ;;		line 185 in file "Lab7.c"
   670 ;; Parameters:    Size  Location     Type
   671 ;;		None
   672 ;; Auto vars:     Size  Location     Type
   673 ;;		None
   674 ;; Return value:  Size  Location     Type
   675 ;;                  1    wreg      void 
   676 ;; Registers used:
   677 ;;		None
   678 ;; Tracked objects:
   679 ;;		On entry : 0/0
   680 ;;		On exit  : 0/0
   681 ;;		Unchanged: 0/0
   682 ;; Data sizes:     COMMON   BANK0   BANK1   BANK3   BANK2
   683 ;;      Params:         0       0       0       0       0
   684 ;;      Locals:         0       0       0       0       0
   685 ;;      Temps:          0       0       0       0       0
   686 ;;      Totals:         0       0       0       0       0
   687 ;;Total ram usage:        0 bytes
   688 ;; Hardware stack levels used: 1
   689 ;; Hardware stack levels required when called: 2
   690 ;; This function calls:
   691 ;;		Nothing
   692 ;; This function is called by:
   693 ;;		_main
   694 ;;		_setup
   695 ;; This function uses a non-reentrant model
   696 ;;
   697                           
   698     00CD                     _TMR2_reset:	
   699                           ;psect for function _TMR2_reset
   700                           
   701     00CD                     l708:	
   702                           ;incstack = 0
   703                           ; Regs used in _TMR2_reset: []
   704                           
   705                           
   706                           ;Lab7.c: 186:     TMR2IF = 0;
   707     00CD  1283               	bcf	3,5	;RP0=0, select bank0
   708     00CE  1303               	bcf	3,6	;RP1=0, select bank0
   709     00CF  108C               	bcf	12,1	;volatile
   710     00D0                     l110:	
   711                           ;Lab7.c: 187:     return;
   712                           
   713     00D0  0008               	return
   714     00D1                     __end_of_TMR2_reset:
   715                           
   716                           	psect	text3
   717     00C1                     __ptext3:	
   718 ;; *************** function _TMR0_reset *****************
   719 ;; Defined at:
   720 ;;		line 179 in file "Lab7.c"
   721 ;; Parameters:    Size  Location     Type
   722 ;;		None
   723 ;; Auto vars:     Size  Location     Type
   724 ;;		None
   725 ;; Return value:  Size  Location     Type
   726 ;;                  1    wreg      void 
   727 ;; Registers used:
   728 ;;		wreg
   729 ;; Tracked objects:
   730 ;;		On entry : 0/0
   731 ;;		On exit  : 0/0
   732 ;;		Unchanged: 0/0
   733 ;; Data sizes:     COMMON   BANK0   BANK1   BANK3   BANK2
   734 ;;      Params:         0       0       0       0       0
   735 ;;      Locals:         0       0       0       0       0
   736 ;;      Temps:          0       0       0       0       0
   737 ;;      Totals:         0       0       0       0       0
   738 ;;Total ram usage:        0 bytes
   739 ;; Hardware stack levels used: 1
   740 ;; Hardware stack levels required when called: 2
   741 ;; This function calls:
   742 ;;		Nothing
   743 ;; This function is called by:
   744 ;;		_setup
   745 ;; This function uses a non-reentrant model
   746 ;;
   747                           
   748     00C1                     _TMR0_reset:	
   749                           ;psect for function _TMR0_reset
   750                           
   751     00C1                     l702:	
   752                           ;incstack = 0
   753                           ; Regs used in _TMR0_reset: [wreg]
   754                           
   755                           
   756                           ;Lab7.c: 180:     TMR0 = 131;
   757     00C1  3083               	movlw	131
   758     00C2  1283               	bcf	3,5	;RP0=0, select bank0
   759     00C3  1303               	bcf	3,6	;RP1=0, select bank0
   760     00C4  0081               	movwf	1	;volatile
   761     00C5                     l704:
   762                           
   763                           ;Lab7.c: 181:     T0IF = 0;
   764     00C5  110B               	bcf	11,2	;volatile
   765     00C6                     l107:
   766     00C6  0008               	return
   767     00C7                     __end_of_TMR0_reset:
   768                           
   769                           	psect	text4
   770     006B                     __ptext4:	
   771 ;; *************** function _isr *****************
   772 ;; Defined at:
   773 ;;		line 53 in file "Lab7.c"
   774 ;; Parameters:    Size  Location     Type
   775 ;;		None
   776 ;; Auto vars:     Size  Location     Type
   777 ;;		None
   778 ;; Return value:  Size  Location     Type
   779 ;;                  1    wreg      void 
   780 ;; Registers used:
   781 ;;		wreg, status,2, status,0, pclath, cstack
   782 ;; Tracked objects:
   783 ;;		On entry : 0/0
   784 ;;		On exit  : 0/0
   785 ;;		Unchanged: 0/0
   786 ;; Data sizes:     COMMON   BANK0   BANK1   BANK3   BANK2
   787 ;;      Params:         0       0       0       0       0
   788 ;;      Locals:         0       0       0       0       0
   789 ;;      Temps:          2       0       0       0       0
   790 ;;      Totals:         2       0       0       0       0
   791 ;;Total ram usage:        2 bytes
   792 ;; Hardware stack levels used: 1
   793 ;; Hardware stack levels required when called: 1
   794 ;; This function calls:
   795 ;;		i1_TMR0_reset
   796 ;; This function is called by:
   797 ;;		Interrupt level 1
   798 ;; This function uses a non-reentrant model
   799 ;;
   800                           
   801     006B                     _isr:	
   802                           ;psect for function _isr
   803                           
   804     006B                     i1l804:
   805     006B  1D0B               	btfss	11,2	;volatile
   806     006C  286E               	goto	u1_21
   807     006D  286F               	goto	u1_20
   808     006E                     u1_21:
   809     006E  2877               	goto	i1l810
   810     006F                     u1_20:
   811     006F                     i1l806:
   812     006F  120A  118A  20C7  120A  118A  	fcall	i1_TMR0_reset
   813     0074                     i1l808:
   814     0074  1283               	bcf	3,5	;RP0=0, select bank0
   815     0075  1303               	bcf	3,6	;RP1=0, select bank0
   816     0076  149F               	bsf	31,1	;volatile
   817     0077                     i1l810:
   818     0077  1283               	bcf	3,5	;RP0=0, select bank0
   819     0078  1303               	bcf	3,6	;RP1=0, select bank0
   820     0079  1F0C               	btfss	12,6	;volatile
   821     007A  287C               	goto	u2_21
   822     007B  287D               	goto	u2_20
   823     007C                     u2_21:
   824     007C  2898               	goto	i1l91
   825     007D                     u2_20:
   826     007D                     i1l812:
   827     007D  1D1F               	btfss	31,2	;volatile
   828     007E  2880               	goto	u3_21
   829     007F  2881               	goto	u3_20
   830     0080                     u3_21:
   831     0080  2883               	goto	i1l82
   832     0081                     u3_20:
   833     0081                     i1l814:
   834     0081  111F               	bcf	31,2	;volatile
   835     0082  2884               	goto	i1l84
   836     0083                     i1l82:
   837     0083  151F               	bsf	31,2	;volatile
   838     0084                     i1l84:
   839     0084  1D9F               	btfss	31,3	;volatile
   840     0085  2887               	goto	u4_21
   841     0086  2888               	goto	u4_20
   842     0087                     u4_21:
   843     0087  288A               	goto	i1l86
   844     0088                     u4_20:
   845     0088                     i1l816:
   846     0088  119F               	bcf	31,3	;volatile
   847     0089  288B               	goto	i1l88
   848     008A                     i1l86:
   849     008A  159F               	bsf	31,3	;volatile
   850     008B                     i1l88:
   851     008B  1D9F               	btfss	31,3	;volatile
   852     008C  288E               	goto	u5_21
   853     008D  288F               	goto	u5_20
   854     008E                     u5_21:
   855     008E  2891               	goto	i1l820
   856     008F                     u5_20:
   857     008F                     i1l818:
   858     008F  081E               	movf	30,w	;volatile
   859     0090  00F1               	movwf	_pot0_in
   860     0091                     i1l820:
   861     0091  1D1F               	btfss	31,2	;volatile
   862     0092  2894               	goto	u6_21
   863     0093  2895               	goto	u6_20
   864     0094                     u6_21:
   865     0094  2897               	goto	i1l824
   866     0095                     u6_20:
   867     0095                     i1l822:
   868     0095  081E               	movf	30,w	;volatile
   869     0096  00F0               	movwf	_pot1_in
   870     0097                     i1l824:
   871     0097  130C               	bcf	12,6	;volatile
   872     0098                     i1l91:
   873     0098  0874               	movf	??_isr+1,w
   874     0099  008A               	movwf	10
   875     009A  0E73               	swapf	??_isr,w
   876     009B  0083               	movwf	3
   877     009C  0EFE               	swapf	btemp,f
   878     009D  0E7E               	swapf	btemp,w
   879     009E  0009               	retfie
   880     009F                     __end_of_isr:
   881                           
   882                           	psect	intentry
   883     0004                     __pintentry:	
   884                           ;incstack = 0
   885                           ; Regs used in _isr: [wreg+status,2+status,0+pclath+cstack]
   886                           
   887     0004                     interrupt_function:
   888     007E                     saved_w	set	btemp
   889     0004  00FE               	movwf	btemp
   890     0005  0E03               	swapf	3,w
   891     0006  00F3               	movwf	??_isr
   892     0007  080A               	movf	10,w
   893     0008  00F4               	movwf	??_isr+1
   894     0009  120A  118A  286B   	ljmp	_isr
   895                           
   896                           	psect	text5
   897     00C7                     __ptext5:	
   898 ;; *************** function i1_TMR0_reset *****************
   899 ;; Defined at:
   900 ;;		line 179 in file "Lab7.c"
   901 ;; Parameters:    Size  Location     Type
   902 ;;		None
   903 ;; Auto vars:     Size  Location     Type
   904 ;;		None
   905 ;; Return value:  Size  Location     Type
   906 ;;                  1    wreg      void 
   907 ;; Registers used:
   908 ;;		wreg
   909 ;; Tracked objects:
   910 ;;		On entry : 0/0
   911 ;;		On exit  : 0/0
   912 ;;		Unchanged: 0/0
   913 ;; Data sizes:     COMMON   BANK0   BANK1   BANK3   BANK2
   914 ;;      Params:         0       0       0       0       0
   915 ;;      Locals:         0       0       0       0       0
   916 ;;      Temps:          0       0       0       0       0
   917 ;;      Totals:         0       0       0       0       0
   918 ;;Total ram usage:        0 bytes
   919 ;; Hardware stack levels used: 1
   920 ;; This function calls:
   921 ;;		Nothing
   922 ;; This function is called by:
   923 ;;		_isr
   924 ;; This function uses a non-reentrant model
   925 ;;
   926                           
   927     00C7                     i1_TMR0_reset:	
   928                           ;psect for function i1_TMR0_reset
   929                           
   930     00C7                     i1l798:	
   931                           ;incstack = 0
   932                           ; Regs used in i1_TMR0_reset: [wreg]
   933                           
   934                           
   935                           ;Lab7.c: 180:     TMR0 = 131;
   936     00C7  3083               	movlw	131
   937     00C8  1283               	bcf	3,5	;RP0=0, select bank0
   938     00C9  1303               	bcf	3,6	;RP1=0, select bank0
   939     00CA  0081               	movwf	1	;volatile
   940     00CB                     i1l800:
   941                           
   942                           ;Lab7.c: 181:     T0IF = 0;
   943     00CB  110B               	bcf	11,2	;volatile
   944     00CC                     i1l107:
   945     00CC  0008               	return
   946     00CD                     __end_ofi1_TMR0_reset:
   947     007E                     btemp	set	126	;btemp
   948     007E                     wtemp0	set	126
   949                           
   950                           	psect	idloc
   951                           
   952                           ;Config register IDLOC0 @ 0x2000
   953                           ;	unspecified, using default values
   954     2000                     	org	8192
   955     2000  3FFF               	dw	16383
   956                           
   957                           ;Config register IDLOC1 @ 0x2001
   958                           ;	unspecified, using default values
   959     2001                     	org	8193
   960     2001  3FFF               	dw	16383
   961                           
   962                           ;Config register IDLOC2 @ 0x2002
   963                           ;	unspecified, using default values
   964     2002                     	org	8194
   965     2002  3FFF               	dw	16383
   966                           
   967                           ;Config register IDLOC3 @ 0x2003
   968                           ;	unspecified, using default values
   969     2003                     	org	8195
   970     2003  3FFF               	dw	16383
   971                           
   972                           	psect	config
   973                           
   974                           ;Config register CONFIG1 @ 0x2007
   975                           ;	Oscillator Selection bits
   976                           ;	FOSC = INTRC_NOCLKOUT, INTOSCIO oscillator: I/O function on RA6/OSC2/CLKOUT pin, I/O f
      +                          unction on RA7/OSC1/CLKIN
   977                           ;	Watchdog Timer Enable bit
   978                           ;	WDTE = OFF, WDT disabled and can be enabled by SWDTEN bit of the WDTCON register
   979                           ;	Power-up Timer Enable bit
   980                           ;	PWRTE = OFF, PWRT disabled
   981                           ;	RE3/MCLR pin function select bit
   982                           ;	MCLRE = OFF, RE3/MCLR pin function is digital input, MCLR internally tied to VDD
   983                           ;	Code Protection bit
   984                           ;	CP = OFF, Program memory code protection is disabled
   985                           ;	Data Code Protection bit
   986                           ;	CPD = OFF, Data memory code protection is disabled
   987                           ;	Brown Out Reset Selection bits
   988                           ;	BOREN = OFF, BOR disabled
   989                           ;	Internal External Switchover bit
   990                           ;	IESO = OFF, Internal/External Switchover mode is disabled
   991                           ;	Fail-Safe Clock Monitor Enabled bit
   992                           ;	FCMEN = OFF, Fail-Safe Clock Monitor is disabled
   993                           ;	Low Voltage Programming Enable bit
   994                           ;	LVP = OFF, RB3 pin has digital I/O, HV on MCLR must be used for programming
   995                           ;	In-Circuit Debugger Mode bit
   996                           ;	DEBUG = 0x1, unprogramme   997     2007                     	org	8199
   998     2007  20D4               	dw	8404
   999                           
  1000                           ;Config register CONFIG2 @ 0x2008
  1001                           ;	Brown-out Reset Selection bit
  1002                           ;	BOR4V = BOR40V, Brown-out Reset set to 4.0V
  1003                           ;	Flash Program Memory Self Write Enable bits
  1004                           ;	WRT = OFF, Write protection off
  1005     2008                     	org	8200
  1006     2008  3FFF               	dw	16383

Data Sizes:
    Strings     0
    Constant    0
    Data        0
    BSS         3
    Persistent  0
    Stack       0

Auto Spaces:
    Space          Size  Autos    Used
    COMMON           14      2       5
    BANK0            80      0       0
    BANK1            80      0       0
    BANK3            96      0       0
    BANK2            96      0       0

Pointer List with Targets:

    None.

Critical Paths under _main in COMMON

    None.

Critical Paths under _isr in COMMON

    None.

Critical Paths under _main in BANK0

    None.

Critical Paths under _isr in BANK0

    None.

Critical Paths under _main in BANK1

    None.

Critical Paths under _isr in BANK1

    None.

Critical Paths under _main in BANK3

    None.

Critical Paths under _isr in BANK3

    None.

Critical Paths under _main in BANK2

    None.

Critical Paths under _isr in BANK2

    None.

Call Graph Tables:

 ---------------------------------------------------------------------------------
 (Depth) Function   	        Calls       Base Space   Used Autos Params    Refs
 ---------------------------------------------------------------------------------
 (0) _main                                                 0     0      0       0
                         _TMR2_reset
                              _setup
 ---------------------------------------------------------------------------------
 (1) _setup                                                0     0      0       0
                         _TMR0_reset
                         _TMR2_reset
 ---------------------------------------------------------------------------------
 (2) _TMR2_reset                                           0     0      0       0
 ---------------------------------------------------------------------------------
 (2) _TMR0_reset                                           0     0      0       0
 ---------------------------------------------------------------------------------
 Estimated maximum stack depth 2
 ---------------------------------------------------------------------------------
 (Depth) Function   	        Calls       Base Space   Used Autos Params    Refs
 ---------------------------------------------------------------------------------
 (3) _isr                                                  2     2      0       0
                                              0 COMMON     2     2      0
                       i1_TMR0_reset
 ---------------------------------------------------------------------------------
 (4) i1_TMR0_reset                                         0     0      0       0
 ---------------------------------------------------------------------------------
 Estimated maximum stack depth 4
 ---------------------------------------------------------------------------------

 Call Graph Graphs:

 _main (ROOT)
   _TMR2_reset
   _setup
     _TMR0_reset
     _TMR2_reset

 _isr (ROOT)
   i1_TMR0_reset

 Address spaces:
Name               Size   Autos  Total    Cost      Usage
BITCOMMON            E      0       0       0        0.0%
EEDATA             100      0       0       0        0.0%
NULL                 0      0       0       0        0.0%
CODE                 0      0       0       0        0.0%
COMMON               E      2       5       1       35.7%
BITSFR0              0      0       0       1        0.0%
SFR0                 0      0       0       1        0.0%
BITSFR1              0      0       0       2        0.0%
SFR1                 0      0       0       2        0.0%
STACK                0      0       0       2        0.0%
ABS                  0      0       5       3        0.0%
BITBANK0            50      0       0       4        0.0%
BITSFR3              0      0       0       4        0.0%
SFR3                 0      0       0       4        0.0%
BANK0               50      0       0       5        0.0%
BITSFR2              0      0       0       5        0.0%
SFR2                 0      0       0       5        0.0%
BITBANK1            50      0       0       6        0.0%
BANK1               50      0       0       7        0.0%
BITBANK3            60      0       0       8        0.0%
BANK3               60      0       0       9        0.0%
BITBANK2            60      0       0      10        0.0%
BANK2               60      0       0      11        0.0%
DATA                 0      0       5      12        0.0%


Microchip Technology PIC Macro Assembler V2.40 build 20220703182018 
Symbol Table                                                                                   Tue Apr 11 10:11:37 2023

                     l97 00B3                       u70 00AA                       u71 00A9  
                    l110 00D0                      l104 006A                      l107 00C6  
                    l702 00C1                      l710 0016                      l704 00C5  
                    l720 0032                      l712 0026                      l730 0037  
                    l722 0033                      l714 002D                      l708 00CD  
                    l740 0042                      l732 0038                      l724 0034  
                    l716 0030                      l750 004A                      l742 0043  
                    l734 003D                      l726 0035                      l718 0031  
                    l830 00A4                      l760 0055                      l752 004F  
                    l744 0044                      l736 0040                      l728 0036  
                    l832 00AA                      l770 005C                      l762 0056  
                    l754 0050                      l746 0045                      l738 0041  
                    l834 00AD                      l780 0061                      l772 005D  
                    l764 0057                      l756 0051                      l748 0046  
                    l836 00B9                      l828 009F                      l790 0066  
                    l782 0062                      l774 005E                      l766 005A  
                    l758 0054                      l792 0068                      l784 0063  
                    l776 005F                      l768 005B                      l794 0069  
                    l786 0064                      l778 0060                      l788 0065  
                    _GIE 005F                      _PS0 0408                      _PR2 0092  
                    _PS1 0409                      _PS2 040A                      _SCS 0478  
                    _PSA 040B                      _isr 006B                     _ADIE 0466  
                   _ADIF 0066                     ?_isr 0073                     _T0IE 005D  
                   _T0IF 005A                     _T0CS 040D                     i1l82 0083  
                   i1l91 0098                     i1l84 0084                     i1l86 008A  
                   i1l88 008B                     _TMR0 0001                     u1_20 006F  
                   u1_21 006E                     u2_20 007D                     u2_21 007C  
                   u3_20 0081                     u3_21 0080                     u4_20 0088  
                   u4_21 0087                     u5_20 008F                     u5_21 008E  
                   u6_20 0095                     u6_21 0094                     _main 009F  
                   btemp 007E                     start 000C                    ??_isr 0073  
                  ?_main 0073                    _IRCF0 047C                    _IRCF1 047D  
                  _IRCF2 047E                    i1l107 00CC                    i1l800 00CB  
                  i1l810 0077                    i1l820 0091                    i1l812 007D  
                  i1l804 006B                    i1l822 0095                    i1l814 0081  
                  i1l806 006F                    i1l824 0097                    i1l816 0088  
                  i1l808 0074                    i1l818 008F                    i1l798 00C7  
                  _PORTC 0007                    _PORTD 0008                    _PORTE 0009  
                  _TRISD 0088                    _TRISE 0089                    _setup 0016  
            ?_TMR0_reset 0073              ?_TMR2_reset 0073                    pclath 000A  
                  status 0003                    wtemp0 007E          __initialization 000F  
           __end_of_main 00C1                   ??_main 0075                   _ADRESH 001E  
                 _CCPR1L 0015                   ?_setup 0073                   _TMR2IF 0061  
                 saved_w 007E  __end_of__initialization 0012           __pcstackCOMMON 0073  
          ?i1_TMR0_reset 0073            __end_of_setup 006B                  ??_setup 0075  
             __pmaintext 009F           ??i1_TMR0_reset 0073               __pintentry 0004  
           ??_TMR0_reset 0075             ??_TMR2_reset 0075                _ANSELbits 0188  
     __end_of_TMR0_reset 00C7                  __ptext1 0016                  __ptext2 00CD  
                __ptext3 00C1                  __ptext4 006B                  __ptext5 00C7  
     __end_of_TMR2_reset 00D1                  _counter 0072                _T2CONbits 0012  
                _pot0_in 0071                  _pot1_in 0070     end_of_initialization 0012  
              _TRISAbits 0085                _TRISCbits 0087     __end_ofi1_TMR0_reset 00CD  
            _CCP1CONbits 0017      start_initialization 000F              __end_of_isr 009F  
            __pbssCOMMON 0070                ___latbits 0002        interrupt_function 0004  
           i1_TMR0_reset 00C7               _ADCON0bits 001F               _ADCON1bits 009F  
               intlevel1 0000               _TMR0_reset 00C1               _TMR2_reset 00CD  
